This is pdfTeX, Version 3.141592653-2.6-1.40.24 (TeX Live 2022/Debian) (preloaded format=pdflatex 2023.12.11)  4 SEP 2024 10:05
entering extended mode
 restricted \write18 enabled.
 %&-line parsing enabled.
**optimus_paper_nonames.tex
(./optimus_paper_nonames.tex
LaTeX2e <2022-11-01> patch level 1
L3 programming layer <2023-01-16>
(/usr/share/texlive/texmf-dist/tex/latex/base/article.cls
Document Class: article 2022/07/02 v1.4n Standard LaTeX document class
(/usr/share/texlive/texmf-dist/tex/latex/base/size10.clo
File: size10.clo 2022/07/02 v1.4n Standard LaTeX file (size option)
)
\c@part=\count185
\c@section=\count186
\c@subsection=\count187
\c@subsubsection=\count188
\c@paragraph=\count189
\c@subparagraph=\count190
\c@figure=\count191
\c@table=\count192
\abovecaptionskip=\skip48
\belowcaptionskip=\skip49
\bibindent=\dimen140
)
(/usr/share/texlive/texmf-dist/tex/latex/base/fontenc.sty
Package: fontenc 2021/04/29 v2.0v Standard LaTeX package
)
(/usr/share/texlive/texmf-dist/tex/latex/base/inputenc.sty
Package: inputenc 2021/02/14 v1.3d Input encoding file
\inpenc@prehook=\toks16
\inpenc@posthook=\toks17

(/usr/share/texlive/texmf-dist/tex/latex/base/latin9.def
File: latin9.def 2021/02/14 v1.3d Input encoding file
))
(/usr/share/texlive/texmf-dist/tex/latex/float/float.sty
Package: float 2001/11/08 v1.3d Float enhancements (AL)
\c@float@type=\count193
\float@exts=\toks18
\float@box=\box51
\@float@everytoks=\toks19
\@floatcapt=\box52
)
(/usr/share/texlive/texmf-dist/tex/latex/url/url.sty
\Urlmuskip=\muskip16
Package: url 2013/09/16  ver 3.4  Verb mode for urls, etc.
)
(/usr/share/texlive/texmf-dist/tex/latex/graphics/graphics.sty
Package: graphics 2022/03/10 v1.4e Standard LaTeX Graphics (DPC,SPQR)

(/usr/share/texlive/texmf-dist/tex/latex/graphics/trig.sty
Package: trig 2021/08/11 v1.11 sin cos tan (DPC)
)
(/usr/share/texlive/texmf-dist/tex/latex/graphics-cfg/graphics.cfg
File: graphics.cfg 2016/06/04 v1.11 sample graphics configuration
)
Package graphics Info: Driver file: pdftex.def on input line 107.

(/usr/share/texlive/texmf-dist/tex/latex/graphics-def/pdftex.def
File: pdftex.def 2022/09/22 v1.2b Graphics/color driver for pdftex
))
(/usr/share/texlive/texmf-dist/tex/latex/caption/subcaption.sty
Package: subcaption 2022/01/07 v1.5 Sub-captions (AR)

(/usr/share/texlive/texmf-dist/tex/latex/caption/caption.sty
Package: caption 2022/03/01 v3.6b Customizing captions (AR)

(/usr/share/texlive/texmf-dist/tex/latex/caption/caption3.sty
Package: caption3 2022/03/17 v2.3b caption3 kernel (AR)

(/usr/share/texlive/texmf-dist/tex/latex/graphics/keyval.sty
Package: keyval 2022/05/29 v1.15 key=value parser (DPC)
\KV@toks@=\toks20
)
\caption@tempdima=\dimen141
\captionmargin=\dimen142
\caption@leftmargin=\dimen143
\caption@rightmargin=\dimen144
\caption@width=\dimen145
\caption@indent=\dimen146
\caption@parindent=\dimen147
\caption@hangindent=\dimen148
Package caption Info: Standard document class detected.
)
\c@caption@flags=\count194
\c@continuedfloat=\count195
Package caption Info: float package is loaded.
)
\c@subfigure=\count196
\c@subtable=\count197
)
(/usr/share/texlive/texmf-dist/tex/generic/babel/babel.sty
Package: babel 2022/12/26 3.84 The Babel package
\babel@savecnt=\count198
\U@D=\dimen149
\l@unhyphenated=\language7

(/usr/share/texlive/texmf-dist/tex/generic/babel/txtbabel.def)
\bbl@readstream=\read2
\bbl@dirlevel=\count199

(/usr/share/texlive/texmf-dist/tex/generic/babel-english/english.ldf
Language: english 2017/06/06 v3.3r English support from the babel system
Package babel Info: Hyphen rules for 'british' set to \l@english
(babel)             (\language0). Reported on input line 82.
Package babel Info: Hyphen rules for 'UKenglish' set to \l@english
(babel)             (\language0). Reported on input line 83.
Package babel Info: Hyphen rules for 'canadian' set to \l@english
(babel)             (\language0). Reported on input line 102.
Package babel Info: Hyphen rules for 'australian' set to \l@english
(babel)             (\language0). Reported on input line 105.
Package babel Info: Hyphen rules for 'newzealand' set to \l@english
(babel)             (\language0). Reported on input line 108.
))
(/usr/share/texlive/texmf-dist/tex/generic/babel/locale/en/babel-english.tex
Package babel Info: Importing font and identification data for english
(babel)             from babel-en.ini. Reported on input line 11.
)
(/usr/share/texlive/texmf-dist/tex/latex/l3backend/l3backend-pdftex.def
File: l3backend-pdftex.def 2023-01-16 L3 backend support: PDF output (pdfTeX)
\l__color_backend_stack_int=\count266
\l__pdf_internal_box=\box53
)
No file optimus_paper_nonames.aux.
\openout1 = `optimus_paper_nonames.aux'.

LaTeX Font Info:    Checking defaults for OML/cmm/m/it on input line 17.
LaTeX Font Info:    ... okay on input line 17.
LaTeX Font Info:    Checking defaults for OMS/cmsy/m/n on input line 17.
LaTeX Font Info:    ... okay on input line 17.
LaTeX Font Info:    Checking defaults for OT1/cmr/m/n on input line 17.
LaTeX Font Info:    ... okay on input line 17.
LaTeX Font Info:    Checking defaults for T1/cmr/m/n on input line 17.
LaTeX Font Info:    ... okay on input line 17.
LaTeX Font Info:    Checking defaults for TS1/cmr/m/n on input line 17.
LaTeX Font Info:    ... okay on input line 17.
LaTeX Font Info:    Checking defaults for OMX/cmex/m/n on input line 17.
LaTeX Font Info:    ... okay on input line 17.
LaTeX Font Info:    Checking defaults for U/cmr/m/n on input line 17.
LaTeX Font Info:    ... okay on input line 17.
(/usr/share/texlive/texmf-dist/tex/context/base/mkii/supp-pdf.mkii
[Loading MPS to PDF converter (version 2006.09.02).]
\scratchcounter=\count267
\scratchdimen=\dimen150
\scratchbox=\box54
\nofMPsegments=\count268
\nofMParguments=\count269
\everyMPshowfont=\toks21
\MPscratchCnt=\count270
\MPscratchDim=\dimen151
\MPnumerator=\count271
\makeMPintoPDFobject=\count272
\everyMPtoPDFconversion=\toks22
) (/usr/share/texlive/texmf-dist/tex/latex/epstopdf-pkg/epstopdf-base.sty
Package: epstopdf-base 2020-01-24 v2.11 Base part for package epstopdf
Package epstopdf-base Info: Redefining graphics rule for `.eps' on input line 4
85.

(/usr/share/texlive/texmf-dist/tex/latex/latexconfig/epstopdf-sys.cfg
File: epstopdf-sys.cfg 2010/07/13 v1.3 Configuration of (r)epstopdf for TeX Liv
e
))
Package caption Info: Begin \AtBeginDocument code.
Package caption Info: End \AtBeginDocument code.
LaTeX Font Info:    External font `cmex10' loaded for size
(Font)              <12> on input line 21.
LaTeX Font Info:    External font `cmex10' loaded for size
(Font)              <8> on input line 21.
LaTeX Font Info:    External font `cmex10' loaded for size
(Font)              <6> on input line 21.
LaTeX Font Info:    External font `cmex10' loaded for size
(Font)              <7> on input line 40.
LaTeX Font Info:    External font `cmex10' loaded for size
(Font)              <5> on input line 40.


LaTeX Warning: Citation `globalecon1' on page 1 undefined on input line 49.


LaTeX Warning: Citation `globalecon2' on page 1 undefined on input line 49.


LaTeX Warning: Citation `global_physics1' on page 1 undefined on input line 50.



LaTeX Warning: Citation `global_physics2' on page 1 undefined on input line 50.



LaTeX Warning: Citation `global_chemistry1' on page 1 undefined on input line 5
1.


LaTeX Warning: Citation `global_chemistry2' on page 1 undefined on input line 5
1.


LaTeX Warning: Citation `global_med1' on page 1 undefined on input line 52.


LaTeX Warning: Citation `global_med2' on page 1 undefined on input line 52.


LaTeX Warning: Citation `global_job1' on page 1 undefined on input line 53.


LaTeX Warning: Citation `global_job2' on page 1 undefined on input line 53.


LaTeX Warning: Citation `global_water1' on page 1 undefined on input line 53.


LaTeX Warning: Citation `global_water2' on page 1 undefined on input line 53.


LaTeX Warning: Citation `global_network1' on page 1 undefined on input line 54.



LaTeX Warning: Citation `global_network2' on page 1 undefined on input line 54.



LaTeX Warning: Citation `global_robot1' on page 1 undefined on input line 55.


LaTeX Warning: Citation `global_robot2' on page 1 undefined on input line 55.


LaTeX Warning: Citation `go_symmetry0' on page 1 undefined on input line 56.


LaTeX Warning: Citation `go_symmetry1' on page 1 undefined on input line 56.


LaTeX Warning: Citation `go_symmetry2' on page 1 undefined on input line 56.


LaTeX Warning: Citation `global_nonlinear1' on page 1 undefined on input line 5
7.


LaTeX Warning: Citation `global_nonlinear2' on page 1 undefined on input line 5
7.


LaTeX Warning: Citation `global_nonlinear3' on page 1 undefined on input line 5
7.


LaTeX Warning: Citation `go_adaptive1' on page 1 undefined on input line 59.


LaTeX Warning: Citation `go_adaptive2' on page 1 undefined on input line 59.


LaTeX Warning: Citation `go_crs1' on page 1 undefined on input line 60.


LaTeX Warning: Citation `go_crs2' on page 1 undefined on input line 60.


LaTeX Warning: Citation `go_sa1' on page 1 undefined on input line 61.


LaTeX Warning: Citation `go_sa2' on page 1 undefined on input line 61.


LaTeX Warning: Citation `go_sa3' on page 1 undefined on input line 61.


LaTeX Warning: Citation `go_ga1' on page 1 undefined on input line 61.


LaTeX Warning: Citation `go_ga2' on page 1 undefined on input line 61.


LaTeX Warning: Citation `go_ant1' on page 1 undefined on input line 62.


LaTeX Warning: Citation `go_ant2' on page 1 undefined on input line 62.


LaTeX Warning: Citation `go_pso1' on page 1 undefined on input line 63.


LaTeX Warning: Citation `go_pso2' on page 1 undefined on input line 63.


LaTeX Warning: Citation `go_pso_genetic_hybrid1' on page 1 undefined on input l
ine 68.


LaTeX Warning: Citation `go_pso_genetic_hybrid2' on page 1 undefined on input l
ine 68.


LaTeX Warning: Citation `ga_fuzzy' on page 1 undefined on input line 69.


LaTeX Warning: Citation `ga_kmeans' on page 1 undefined on input line 70.


LaTeX Warning: Citation `pso_aco1' on page 1 undefined on input line 72.


LaTeX Warning: Citation `pso_aco2' on page 1 undefined on input line 72.


LaTeX Warning: Citation `pso_aco3' on page 1 undefined on input line 72.


LaTeX Warning: Citation `hybrid1' on page 1 undefined on input line 73.


LaTeX Warning: Citation `go_local1' on page 1 undefined on input line 75.


LaTeX Warning: Citation `go_local2' on page 1 undefined on input line 75.


LaTeX Warning: Citation `go_local3' on page 1 undefined on input line 75.

[1

{/var/lib/texmf/fonts/map/pdftex/updmap/pdftex.map}]

LaTeX Warning: Citation `genetic_physics1' on page 2 undefined on input line 78
.


LaTeX Warning: Citation `genetic_physics2' on page 2 undefined on input line 79
.


LaTeX Warning: Citation `genetic_physics3' on page 2 undefined on input line 80
.


LaTeX Warning: Citation `pso_physics1' on page 2 undefined on input line 82.


LaTeX Warning: Citation `pso_physics2' on page 2 undefined on input line 83.


LaTeX Warning: Citation `async1' on page 2 undefined on input line 90.


LaTeX Warning: Citation `async2' on page 2 undefined on input line 90.


LaTeX Warning: Citation `async3' on page 2 undefined on input line 90.


LaTeX Warning: Citation `parallel-multistart' on page 2 undefined on input line
 91.


LaTeX Warning: Citation `parallel-multistart2' on page 2 undefined on input lin
e 91.


LaTeX Warning: Citation `gpu1' on page 2 undefined on input line 93.


LaTeX Warning: Citation `gpu2' on page 2 undefined on input line 93.


LaTeX Warning: Citation `gpu3' on page 2 undefined on input line 93.


LaTeX Warning: Citation `baron' on page 2 undefined on input line 108.


LaTeX Warning: Citation `merlin' on page 2 undefined on input line 110.


LaTeX Warning: Citation `deoptim' on page 2 undefined on input line 111.


LaTeX Warning: Citation `pdoublepop' on page 2 undefined on input line 113.


LaTeX Warning: Citation `paradiseo' on page 2 undefined on input line 117.


LaTeX Warning: Citation `pagmo' on page 2 undefined on input line 118.

LaTeX Font Info:    Trying to load font information for T1+cmtt on input line 1
22.
(/usr/share/texlive/texmf-dist/tex/latex/base/t1cmtt.fd
File: t1cmtt.fd 2022/07/10 v2.5l Standard LaTeX font definitions
) [2]

LaTeX Warning: Reference `sec:Software' on page 3 undefined on input line 133.


LaTeX Warning: Reference `sec:Experiments' on page 3 undefined on input line 13
4.


LaTeX Warning: Reference `eq:eq1' on page 3 undefined on input line 147.


LaTeX Warning: Reference `fig:windowsInstall' on page 3 undefined on input line
 175.

[3]
Runaway argument?
width=.8\linewidth ]{win_1.png} \caption {First screen of the windows\ETC.
! Paragraph ended before \Gin@iii was complete.
<to be read again> 
                   \par 
l.210 
      
? x
 
Here is how much of TeX's memory you used:
 4084 strings out of 477975
 71396 string characters out of 5839280
 1861330 words of memory out of 5000000
 24213 multiletter control sequences out of 15000+600000
 522953 words of font info for 52 fonts, out of 8000000 for 9000
 59 hyphenation exceptions out of 8191
 69i,7n,77p,296b,283s stack positions out of 10000i,1000n,20000p,200000b,200000s
 </home/sheridan/.texlive2022/texmf-var/fonts/pk/ljfour/jknappen/ec/ecti1000.60
0pk> </home/sheridan/.texlive2022/texmf-var/fonts/pk/ljfour/jknappen/ec/ecbx120
0.600pk> </home/sheridan/.texlive2022/texmf-var/fonts/pk/ljfour/jknappen/ec/ect
t1000.600pk> </home/sheridan/.texlive2022/texmf-var/fonts/pk/ljfour/jknappen/ec
/ecbx1000.600pk> </home/sheridan/.texlive2022/texmf-var/fonts/pk/ljfour/jknappe
n/ec/ecrm1000.600pk> </home/sheridan/.texlive2022/texmf-var/fonts/pk/ljfour/jkn
appen/ec/ecbx1440.600pk> </home/sheridan/.texlive2022/texmf-var/fonts/pk/ljfour
/jknappen/ec/ecrm0900.600pk> </home/sheridan/.texlive2022/texmf-var/fonts/pk/lj
four/jknappen/ec/ecbx0900.600pk> </home/sheridan/.texlive2022/texmf-var/fonts/p
k/ljfour/jknappen/ec/ecrm1728.600pk></usr/share/texlive/texmf-dist/fonts/type1/
public/amsfonts/cm/cmmi10.pfb></usr/share/texlive/texmf-dist/fonts/type1/public
/amsfonts/cm/cmmi7.pfb></usr/share/texlive/texmf-dist/fonts/type1/public/amsfon
ts/cm/cmr10.pfb></usr/share/texlive/texmf-dist/fonts/type1/public/amsfonts/cm/c
mr7.pfb></usr/share/texlive/texmf-dist/fonts/type1/public/amsfonts/cm/cmsy10.pf
b></usr/share/texlive/texmf-dist/fonts/type1/public/amsfonts/cm/cmsy7.pfb>
Output written on optimus_paper_nonames.pdf (3 pages, 124239 bytes).
PDF statistics:
 292 PDF objects out of 1000 (max. 8388607)
 62 compressed objects within 1 object stream
 0 named destinations out of 1000 (max. 500000)
 1 words of extra memory for PDF output out of 10000 (max. 10000000)

